2024-10-24 12:00:15 - You are using the latest version (factorio_linux_2.0.10.tar.xz). No update needed.
2024-10-24 12:00:15 - Update process completed.
2024-10-24 13:00:14 - You are using the latest version (factorio_linux_2.0.10.tar.xz). No update needed.
2024-10-24 13:00:14 - Update process completed.
2024-10-24 14:00:15 - You are using the latest version (factorio_linux_2.0.10.tar.xz). No update needed.
2024-10-24 14:00:15 - Update process completed.
2024-10-24 15:00:01 - You are using the latest version (factorio_linux_2.0.10.tar.xz). No update needed.
2024-10-24 15:00:01 - Update process completed.
2024-10-24 16:00:15 - You are using the latest version (factorio_linux_2.0.10.tar.xz). No update needed.
2024-10-24 16:00:15 - Update process completed.
2024-10-24 17:00:15 - You are using the latest version (factorio_linux_2.0.10.tar.xz). No update needed.
2024-10-24 17:00:15 - Update process completed.
2024-10-24 19:16:58 - You are using the latest version (factorio_linux_2.0.10.tar.xz). No update needed.
2024-10-24 19:16:58 - Update process completed.
2024-10-24 19:20:34 - A new version (factorio_linux_2.0.10.tar.xz) is available.
2024-10-24 19:20:36 - Attempting to stop Factorio server...
2024-10-24 19:20:36 - Sending /quit command to tmux session: mysession, window: factorio
2024-10-24 19:20:36 - Command sent successfully.
2024-10-24 19:20:41 - Factorio server has stopped.
2024-10-24 19:20:41 - Updating Factorio server...
2024-10-24 19:20:48 - Update process completed.
2024-10-24 20:00:21 - You are using the latest version (factorio_linux_2.0.10.tar.xz). No update needed.
2024-10-24 20:00:21 - Update process completed.
2024-10-24 21:00:00 - You are using the latest version (factorio_linux_2.0.10.tar.xz). No update needed.
2024-10-24 21:00:00 - Update process completed.
2024-10-24 22:00:11 - You are using the latest version (factorio_linux_2.0.10.tar.xz). No update needed.
2024-10-24 22:00:11 - Update process completed.
2024-10-24 23:00:20 - You are using the latest version (factorio_linux_2.0.10.tar.xz). No update needed.
2024-10-24 23:00:20 - Update process completed.
2024-10-25 00:00:01 - You are using the latest version (factorio_linux_2.0.10.tar.xz). No update needed.
2024-10-25 00:00:01 - Update process completed.
2024-10-25 01:00:01 - You are using the latest version (factorio_linux_2.0.10.tar.xz). No update needed.
2024-10-25 01:00:01 - Update process completed.
2024-10-25 02:00:00 - You are using the latest version (factorio_linux_2.0.10.tar.xz). No update needed.
2024-10-25 02:00:00 - Update process completed.
2024-10-25 03:00:00 - You are using the latest version (factorio_linux_2.0.10.tar.xz). No update needed.
2024-10-25 03:00:00 - Update process completed.
2024-10-25 04:00:01 - You are using the latest version (factorio_linux_2.0.10.tar.xz). No update needed.
2024-10-25 04:00:01 - Update process completed.
2024-10-25 05:00:20 - You are using the latest version (factorio_linux_2.0.10.tar.xz). No update needed.
2024-10-25 05:00:20 - Update process completed.
2024-10-25 06:00:20 - You are using the latest version (factorio_linux_2.0.10.tar.xz). No update needed.
2024-10-25 06:00:20 - Update process completed.
2024-10-25 07:00:08 - You are using the latest version (factorio_linux_2.0.10.tar.xz). No update needed.
2024-10-25 07:00:08 - Update process completed.
2024-10-25 08:00:01 - You are using the latest version (factorio_linux_2.0.10.tar.xz). No update needed.
2024-10-25 08:00:01 - Update process completed.
2024-10-25 09:00:00 - You are using the latest version (factorio_linux_2.0.10.tar.xz). No update needed.
2024-10-25 09:00:00 - Update process completed.
2024-10-25 10:00:00 - You are using the latest version (factorio_linux_2.0.10.tar.xz). No update needed.
2024-10-25 10:00:00 - Update process completed.
2024-10-25 11:00:00 - You are using the latest version (2.0.10). No update needed.
2024-10-25 11:00:00 - Update process completed.
